  database.cpp
d:\cse 455 psp\let's manage grades\ucr_programming_assignment\ucr_programming_assignment\database.cpp(53): warning C4244: 'argument': conversion from 'time_t' to 'unsigned int', possible loss of data
d:\cse 455 psp\let's manage grades\ucr_programming_assignment\ucr_programming_assignment\database.cpp(63): warning C4244: 'argument': conversion from 'time_t' to 'unsigned int', possible loss of data
d:\cse 455 psp\let's manage grades\ucr_programming_assignment\ucr_programming_assignment\database.cpp(74): warning C4244: 'argument': conversion from 'time_t' to 'unsigned int', possible loss of data
d:\cse 455 psp\let's manage grades\ucr_programming_assignment\ucr_programming_assignment\database.cpp(87): warning C4244: 'argument': conversion from 'time_t' to 'unsigned int', possible loss of data
d:\cse 455 psp\let's manage grades\ucr_programming_assignment\ucr_programming_assignment\database.cpp(106): warning C4244: 'argument': conversion from 'time_t' to 'unsigned int', possible loss of data
c:\program files (x86)\microsoft visual studio\2017\community\vc\tools\msvc\14.11.25503\include\xtree(1144): error C2675: unary '++': 'std::string' does not define this operator or a conversion to a type acceptable to the predefined operator
  d:\cse 455 psp\let's manage grades\ucr_programming_assignment\ucr_programming_assignment\database.cpp(29): note: see reference to function template instantiation 'void std::_Tree<std::_Tmap_traits<_Kty,_Ty,_Pr,_Alloc,false>>::insert<std::string>(_Iter,_Iter)' being compiled
          with
          [
              _Kty=std::string,
              _Ty=std::string,
              _Pr=std::less<std::string>,
              _Alloc=std::allocator<std::pair<const std::string,std::string>>,
              _Iter=std::string
          ]
  d:\cse 455 psp\let's manage grades\ucr_programming_assignment\ucr_programming_assignment\database.cpp(29): note: see reference to function template instantiation 'void std::_Tree<std::_Tmap_traits<_Kty,_Ty,_Pr,_Alloc,false>>::insert<std::string>(_Iter,_Iter)' being compiled
          with
          [
              _Kty=std::string,
              _Ty=std::string,
              _Pr=std::less<std::string>,
              _Alloc=std::allocator<std::pair<const std::string,std::string>>,
              _Iter=std::string
          ]
c:\program files (x86)\microsoft visual studio\2017\community\vc\tools\msvc\14.11.25503\include\xtree(1146): error C2100: illegal indirection
